<?xml version="1.0" encoding="UTF-8"?>
<!-- Generated by org.testng.reporters.JUnitReportReporter -->
<testsuite hostname="hp" failures="0" tests="1" name="Test_classes_223.Test_Class_1" time="9.329" errors="0" timestamp="2023-06-18T18:49:42 IST" skipped="0">
  <testcase classname="Test_classes_223.Test_Class_1" name="verifyusername" time="9.329"/>
  <system-out/>
</testsuite> <!-- Test_classes_223.Test_Class_1 -->
